[debug] > Exec(early(addDefaultCommands), None, None)
[debug] > Exec(addDefaultCommands, None, None)
[debug] > Exec(early(initialize), None, None)
[debug] > Exec(initialize, None, None)
[debug] > Exec(boot, None, None)
[debug] > Exec(writeSbtVersion, None, None)
[debug] > Exec(reload, None, None)
[debug] > Exec(sbtStashOnFailure, None, None)
[debug] > Exec(onFailure loadFailed, None, None)
[debug] > Exec(loadp, None, None)
[info] welcome to sbt 1.10.1 (Oracle Corporation Java 22.0.2)
[debug] Load.defaultLoad until apply took 488.2675ms
[debug]           Load.loadUnit: plugins took 876.2729ms
[debug]           Load.loadUnit: defsScala took 0.3185ms
[debug] [Loading] Scanning directory C:\Users\black\IdeaProjects\opti-server\project
[debug] [Loading] Found non-root projects 
[debug] [Loading] Done in C:\Users\black\IdeaProjects\opti-server\project, returning: ()
[debug] deducing auto plugins based on known facts Set(Atom(sbt.plugins.CorePlugin)) and clauses Clauses(Clause(Atom(sbt.plugins.JvmPlugin),Set(Atom(sbt.plugins.IvyPlugin)))
[debug] Clause(Atom(sbt.ScriptedPlugin),Set(Atom(sbt.plugins.JvmPlugin)))
[debug] Clause(Atom(sbt.plugins.SbtPlugin),Set(Atom(sbt.ScriptedPlugin)))
[debug] Clause(Atom(sbt.plugins.SemanticdbPlugin),Set(Atom(sbt.plugins.JvmPlugin)))
[debug] Clause(Atom(sbt.plugins.JUnitXmlReportPlugin),Set(Atom(sbt.plugins.JvmPlugin)))
[debug] Clause(Atom(sbt.plugins.MiniDependencyTreePlugin),Set(Atom(sbt.plugins.JvmPlugin)))
[debug] Clause(Atom(sbt.plugins.CorePlugin),Set(Atom(sbt.plugins.IvyPlugin)))
[debug] Clause(Atom(sbt.plugins.IvyPlugin),Set(Atom(sbt.plugins.JvmPlugin)))
[debug] Clause(Atom(sbt.plugins.JvmPlugin),Set(Atom(sbt.plugins.SemanticdbPlugin)))
[debug] Clause(Atom(sbt.plugins.JvmPlugin),Set(Atom(sbt.plugins.JUnitXmlReportPlugin)))
[debug] Clause(Atom(sbt.plugins.CorePlugin),Set(Atom(sbt.plugins.Giter8TemplatePlugin)))
[debug] Clause(Atom(sbt.plugins.JvmPlugin),Set(Atom(sbt.plugins.MiniDependencyTreePlugin))))
[debug]   :: deduced result: Matched(sbt.plugins.CorePlugin,sbt.plugins.Giter8TemplatePlugin,sbt.plugins.IvyPlugin,sbt.plugins.JvmPlugin,sbt.plugins.MiniDependencyTreePlugin,sbt.plugins.JUnitXmlReportPlugin,sbt.plugins.SemanticdbPlugin)
[debug] Plugins.deducer#function took 203.666 ms
[debug]               Load.resolveProject(opti-server-build) took 307.5506ms
[debug]             Load.loadTransitive: finalizeProject(Project(id opti-server-build, base: C:\Users\black\IdeaProjects\opti-server\project, plugins: List(<none>))) took 943.0573ms
[debug] [Loading] Done in C:\Users\black\IdeaProjects\opti-server\project, returning: (opti-server-build)
[debug]           Load.loadUnit: loadedProjectsRaw took 1042.3999ms
[debug]           Load.loadUnit: cleanEvalClasses took 0.31ms
[debug]         Load.loadUnit(file:/C:/Users/black/IdeaProjects/opti-server/project/, ...) took 1940.1203ms
[debug]       Load.apply: load took 2756.3893ms
[debug]       Load.apply: resolveProjects took 8.1225ms
[debug]       Load.apply: finalTransforms took 96.4085ms
[debug]       Load.apply: config.delegates took 10.8125ms
[debug]       Load.apply: Def.make(settings)... took 4390.1516ms
[debug]       Load.apply: structureIndex took 547.5316ms
[debug]       Load.apply: mkStreams took 1.6301ms
[info] loading project definition from C:\Users\black\IdeaProjects\opti-server\project
[debug] Running task... Cancel: Signal, check cycles: false, forcegc: true
[debug]     Load.loadUnit: plugins took 13512.1647ms
[debug]     Load.loadUnit: defsScala took 0.0041ms
[debug] [Loading] Scanning directory C:\Users\black\IdeaProjects\opti-server
[debug]       Load.loadUnit: mkEval took 20.1532ms
[debug] [Loading] Found root project root w/ remaining 
[debug] deducing auto plugins based on known facts Set(Atom(sbt.plugins.CorePlugin)) and clauses Clauses(Clause(Atom(sbt.plugins.JvmPlugin),Set(Atom(sbt.plugins.IvyPlugin)))
[debug] Clause(Atom(sbt.ScriptedPlugin),Set(Atom(sbt.plugins.JvmPlugin)))
[debug] Clause(Atom(sbt.plugins.SbtPlugin),Set(Atom(sbt.ScriptedPlugin)))
[debug] Clause(Atom(sbt.plugins.SemanticdbPlugin),Set(Atom(sbt.plugins.JvmPlugin)))
[debug] Clause(Atom(sbt.plugins.JUnitXmlReportPlugin),Set(Atom(sbt.plugins.JvmPlugin)))
[debug] Clause(Atom(sbt.plugins.MiniDependencyTreePlugin),Set(Atom(sbt.plugins.JvmPlugin)))
[debug] Clause(Atom(sbt.plugins.CorePlugin),Set(Atom(sbt.plugins.IvyPlugin)))
[debug] Clause(Atom(sbt.plugins.IvyPlugin),Set(Atom(sbt.plugins.JvmPlugin)))
[debug] Clause(Atom(sbt.plugins.JvmPlugin),Set(Atom(sbt.plugins.SemanticdbPlugin)))
[debug] Clause(Atom(sbt.plugins.JvmPlugin),Set(Atom(sbt.plugins.JUnitXmlReportPlugin)))
[debug] Clause(Atom(sbt.plugins.CorePlugin),Set(Atom(sbt.plugins.Giter8TemplatePlugin)))
[debug] Clause(Atom(sbt.plugins.JvmPlugin),Set(Atom(sbt.plugins.MiniDependencyTreePlugin))))
[debug]   :: deduced result: Matched(sbt.plugins.CorePlugin,sbt.plugins.Giter8TemplatePlugin,sbt.plugins.IvyPlugin,sbt.plugins.JvmPlugin,sbt.plugins.MiniDependencyTreePlugin,sbt.plugins.JUnitXmlReportPlugin,sbt.plugins.SemanticdbPlugin)
[debug] Plugins.deducer#function took 9.291 ms
[info] loading settings for project root from build.sbt ...
[debug]         Load.resolveProject(root) took 116.5921ms
[debug]       Load.loadTransitive: finalizeProject(Project(id root, base: C:\Users\black\IdeaProjects\opti-server, plugins: List(<none>))) took 127.1163ms
[debug] [Loading] Done in C:\Users\black\IdeaProjects\opti-server, returning: (root)
[debug]     Load.loadUnit: loadedProjectsRaw took 1350.0578ms
[debug]     Load.loadUnit: cleanEvalClasses took 41.6363ms
[debug]   Load.loadUnit(file:/C:/Users/black/IdeaProjects/opti-server/, ...) took 14906.9172ms
[debug] Load.apply: load took 15046.7117ms
[debug] Load.apply: resolveProjects took 0.1741ms
[debug] Load.apply: finalTransforms took 63.6743ms
[debug] Load.apply: config.delegates took 0.4063ms
[debug] Load.apply: Def.make(settings)... took 473.6343ms
[debug] Load.apply: structureIndex took 209.1253ms
[debug] Load.apply: mkStreams took 0.0024ms
[info] set current project to opti-server (in build file:/C:/Users/black/IdeaProjects/opti-server/)
[debug] > Exec(sbtPopOnFailure, None, None)
[debug] > Exec(resumeFromFailure, None, None)
[debug] > Exec(notifyUsersAboutShell, None, None)
[debug] > Exec(iflast shell, None, None)
[debug] > Exec(shell, None, None)
[info] sbt server started at local:sbt-server-0ee76c1dac5c987650f6
[debug] Writing bsp connection file
[info] started sbt server
